2025-01-15 14:24:45,595 DEBUG    root            Loaded Command Group: ['gcloud', 'components']
2025-01-15 14:24:45,598 DEBUG    root            Loaded Command Group: ['gcloud', 'components', 'update']
2025-01-15 14:24:45,600 DEBUG    root            Running [gcloud.components.update] with arguments: [--compile-python: "True", --quiet: "True", COMPONENT-IDS:6: "['core', 'gcloud-deps', 'bq', 'gcloud', 'gcloud-crc32c', 'gsutil']"]
2025-01-15 14:24:45,601 INFO     ___FILE_ONLY___ Beginning update. This process may take several minutes.

2025-01-15 14:24:45,633 DEBUG    urllib3.connectionpool Starting new HTTPS connection (1): dl.google.com:443
2025-01-15 14:24:45,702 DEBUG    urllib3.connectionpool https://dl.google.com:443 "GET /dl/cloudsdk/channels/rapid/components-2.json HTTP/1.1" 200 227824
2025-01-15 14:24:45,714 INFO     ___FILE_ONLY___ 

2025-01-15 14:24:45,714 INFO     ___FILE_ONLY___ 
Your current Google Cloud CLI version is: 506.0.0

2025-01-15 14:24:45,714 INFO     ___FILE_ONLY___ Installing components from version: 506.0.0

2025-01-15 14:24:45,714 INFO     ___FILE_ONLY___ 

2025-01-15 14:24:45,715 DEBUG    root            Chosen display Format:table[box,title="These components will be removed."](details.display_name:label=Name:align=left,version.version_string:label=Version:align=right,data.size.size(zero="",min=1048576):label=Size:align=right)
2025-01-15 14:24:45,715 DEBUG    root            Chosen display Format:table[box,title="These components will be updated."](details.display_name:label=Name:align=left,version.version_string:label=Version:align=right,data.size.size(zero="",min=1048576):label=Size:align=right)
2025-01-15 14:24:45,716 DEBUG    root            Chosen display Format:table[box,title="These components will be installed."](details.display_name:label=Name:align=left,version.version_string:label=Version:align=right,data.size.size(zero="",min=1048576):label=Size:align=right)
2025-01-15 14:24:45,751 INFO     ___FILE_ONLY___ ┌─────────────────────────────────────────────────────────────────────────────┐
2025-01-15 14:24:45,751 INFO     ___FILE_ONLY___ 

2025-01-15 14:24:45,751 INFO     ___FILE_ONLY___ │                     These components will be installed.                     │
2025-01-15 14:24:45,751 INFO     ___FILE_ONLY___ 

2025-01-15 14:24:45,752 INFO     ___FILE_ONLY___ ├─────────────────────────────────────────────────────┬────────────┬──────────┤
2025-01-15 14:24:45,752 INFO     ___FILE_ONLY___ 

2025-01-15 14:24:45,752 INFO     ___FILE_ONLY___ │                         Name                        │  Version   │   Size   │
2025-01-15 14:24:45,752 INFO     ___FILE_ONLY___ 

2025-01-15 14:24:45,752 INFO     ___FILE_ONLY___ ├─────────────────────────────────────────────────────┼────────────┼──────────┤
2025-01-15 14:24:45,752 INFO     ___FILE_ONLY___ 

2025-01-15 14:24:45,752 INFO     ___FILE_ONLY___ │ 
2025-01-15 14:24:45,752 INFO     ___FILE_ONLY___ BigQuery Command Line Tool                         
2025-01-15 14:24:45,752 INFO     ___FILE_ONLY___  
2025-01-15 14:24:45,752 INFO     ___FILE_ONLY___ │ 
2025-01-15 14:24:45,752 INFO     ___FILE_ONLY___     2.1.11
2025-01-15 14:24:45,752 INFO     ___FILE_ONLY___  
2025-01-15 14:24:45,752 INFO     ___FILE_ONLY___ │ 
2025-01-15 14:24:45,752 INFO     ___FILE_ONLY___  1.7 MiB
2025-01-15 14:24:45,752 INFO     ___FILE_ONLY___  
2025-01-15 14:24:45,752 INFO     ___FILE_ONLY___ │
2025-01-15 14:24:45,752 INFO     ___FILE_ONLY___ 

2025-01-15 14:24:45,752 INFO     ___FILE_ONLY___ │ 
2025-01-15 14:24:45,752 INFO     ___FILE_ONLY___ BigQuery Command Line Tool (Platform Specific)     
2025-01-15 14:24:45,752 INFO     ___FILE_ONLY___  
2025-01-15 14:24:45,752 INFO     ___FILE_ONLY___ │ 
2025-01-15 14:24:45,753 INFO     ___FILE_ONLY___      2.1.8
2025-01-15 14:24:45,753 INFO     ___FILE_ONLY___  
2025-01-15 14:24:45,753 INFO     ___FILE_ONLY___ │ 
2025-01-15 14:24:45,753 INFO     ___FILE_ONLY___  < 1 MiB
2025-01-15 14:24:45,753 INFO     ___FILE_ONLY___  
2025-01-15 14:24:45,753 INFO     ___FILE_ONLY___ │
2025-01-15 14:24:45,753 INFO     ___FILE_ONLY___ 

2025-01-15 14:24:45,753 INFO     ___FILE_ONLY___ │ 
2025-01-15 14:24:45,753 INFO     ___FILE_ONLY___ Bundled Python 3.11 (Platform Specific)            
2025-01-15 14:24:45,753 INFO     ___FILE_ONLY___  
2025-01-15 14:24:45,753 INFO     ___FILE_ONLY___ │ 
2025-01-15 14:24:45,753 INFO     ___FILE_ONLY___     3.11.9
2025-01-15 14:24:45,753 INFO     ___FILE_ONLY___  
2025-01-15 14:24:45,753 INFO     ___FILE_ONLY___ │ 
2025-01-15 14:24:45,753 INFO     ___FILE_ONLY___ 74.4 MiB
2025-01-15 14:24:45,753 INFO     ___FILE_ONLY___  
2025-01-15 14:24:45,753 INFO     ___FILE_ONLY___ │
2025-01-15 14:24:45,753 INFO     ___FILE_ONLY___ 

2025-01-15 14:24:45,753 INFO     ___FILE_ONLY___ │ 
2025-01-15 14:24:45,753 INFO     ___FILE_ONLY___ Cloud Storage Command Line Tool                    
2025-01-15 14:24:45,753 INFO     ___FILE_ONLY___  
2025-01-15 14:24:45,753 INFO     ___FILE_ONLY___ │ 
2025-01-15 14:24:45,754 INFO     ___FILE_ONLY___       5.33
2025-01-15 14:24:45,754 INFO     ___FILE_ONLY___  
2025-01-15 14:24:45,754 INFO     ___FILE_ONLY___ │ 
2025-01-15 14:24:45,754 INFO     ___FILE_ONLY___ 11.8 MiB
2025-01-15 14:24:45,754 INFO     ___FILE_ONLY___  
2025-01-15 14:24:45,754 INFO     ___FILE_ONLY___ │
2025-01-15 14:24:45,754 INFO     ___FILE_ONLY___ 

2025-01-15 14:24:45,754 INFO     ___FILE_ONLY___ │ 
2025-01-15 14:24:45,754 INFO     ___FILE_ONLY___ Cloud Storage Command Line Tool (Platform Specific)
2025-01-15 14:24:45,754 INFO     ___FILE_ONLY___  
2025-01-15 14:24:45,754 INFO     ___FILE_ONLY___ │ 
2025-01-15 14:24:45,754 INFO     ___FILE_ONLY___       5.30
2025-01-15 14:24:45,754 INFO     ___FILE_ONLY___  
2025-01-15 14:24:45,754 INFO     ___FILE_ONLY___ │ 
2025-01-15 14:24:45,754 INFO     ___FILE_ONLY___  < 1 MiB
2025-01-15 14:24:45,754 INFO     ___FILE_ONLY___  
2025-01-15 14:24:45,754 INFO     ___FILE_ONLY___ │
2025-01-15 14:24:45,754 INFO     ___FILE_ONLY___ 

2025-01-15 14:24:45,754 INFO     ___FILE_ONLY___ │ 
2025-01-15 14:24:45,754 INFO     ___FILE_ONLY___ Google Cloud CLI Core Libraries (Platform Specific)
2025-01-15 14:24:45,754 INFO     ___FILE_ONLY___  
2025-01-15 14:24:45,755 INFO     ___FILE_ONLY___ │ 
2025-01-15 14:24:45,755 INFO     ___FILE_ONLY___ 2024.08.30
2025-01-15 14:24:45,755 INFO     ___FILE_ONLY___  
2025-01-15 14:24:45,755 INFO     ___FILE_ONLY___ │ 
2025-01-15 14:24:45,755 INFO     ___FILE_ONLY___  < 1 MiB
2025-01-15 14:24:45,755 INFO     ___FILE_ONLY___  
2025-01-15 14:24:45,755 INFO     ___FILE_ONLY___ │
2025-01-15 14:24:45,755 INFO     ___FILE_ONLY___ 

2025-01-15 14:24:45,755 INFO     ___FILE_ONLY___ │ 
2025-01-15 14:24:45,755 INFO     ___FILE_ONLY___ Google Cloud CRC32C Hash Tool (Platform Specific)  
2025-01-15 14:24:45,755 INFO     ___FILE_ONLY___  
2025-01-15 14:24:45,755 INFO     ___FILE_ONLY___ │ 
2025-01-15 14:24:45,755 INFO     ___FILE_ONLY___      1.0.0
2025-01-15 14:24:45,755 INFO     ___FILE_ONLY___  
2025-01-15 14:24:45,755 INFO     ___FILE_ONLY___ │ 
2025-01-15 14:24:45,755 INFO     ___FILE_ONLY___  1.4 MiB
2025-01-15 14:24:45,755 INFO     ___FILE_ONLY___  
2025-01-15 14:24:45,755 INFO     ___FILE_ONLY___ │
2025-01-15 14:24:45,755 INFO     ___FILE_ONLY___ 

2025-01-15 14:24:45,755 INFO     ___FILE_ONLY___ │ 
2025-01-15 14:24:45,755 INFO     ___FILE_ONLY___ gcloud cli dependencies (Platform Specific)        
2025-01-15 14:24:45,756 INFO     ___FILE_ONLY___  
2025-01-15 14:24:45,756 INFO     ___FILE_ONLY___ │ 
2025-01-15 14:24:45,756 INFO     ___FILE_ONLY___ 2021.04.16
2025-01-15 14:24:45,756 INFO     ___FILE_ONLY___  
2025-01-15 14:24:45,756 INFO     ___FILE_ONLY___ │ 
2025-01-15 14:24:45,756 INFO     ___FILE_ONLY___  < 1 MiB
2025-01-15 14:24:45,756 INFO     ___FILE_ONLY___  
2025-01-15 14:24:45,756 INFO     ___FILE_ONLY___ │
2025-01-15 14:24:45,756 INFO     ___FILE_ONLY___ 

2025-01-15 14:24:45,756 INFO     ___FILE_ONLY___ └─────────────────────────────────────────────────────┴────────────┴──────────┘
2025-01-15 14:24:45,756 INFO     ___FILE_ONLY___ 

2025-01-15 14:24:45,756 INFO     ___FILE_ONLY___ 

2025-01-15 14:24:45,759 DEBUG    urllib3.connectionpool Starting new HTTPS connection (1): dl.google.com:443
2025-01-15 14:24:45,833 DEBUG    urllib3.connectionpool https://dl.google.com:443 "GET /dl/cloudsdk/channels/rapid/RELEASE_NOTES HTTP/1.1" 200 1339934
2025-01-15 14:24:45,876 INFO     ___FILE_ONLY___ For the latest full release notes, please visit:
  https://cloud.google.com/sdk/release_notes


2025-01-15 14:24:45,876 INFO     ___FILE_ONLY___ Performing in place update...


2025-01-15 14:24:45,878 INFO     ___FILE_ONLY___ ╔════════════════════════════════════════════════════════════╗

2025-01-15 14:24:45,878 INFO     ___FILE_ONLY___ ╠═ Downloading: BigQuery Command Line Tool                  ═╣

2025-01-15 14:24:45,878 INFO     ___FILE_ONLY___ ╚
2025-01-15 14:24:45,881 DEBUG    urllib3.connectionpool Starting new HTTPS connection (1): dl.google.com:443
2025-01-15 14:24:45,956 DEBUG    urllib3.connectionpool https://dl.google.com:443 "GET /dl/cloudsdk/channels/rapid/components/google-cloud-sdk-bq-20241213184646.tar.gz HTTP/1.1" 200 1828274
2025-01-15 14:24:45,967 INFO     ___FILE_ONLY___ ═
2025-01-15 14:24:45,968 INFO     ___FILE_ONLY___ ═
2025-01-15 14:24:45,968 INFO     ___FILE_ONLY___ ═
2025-01-15 14:24:45,968 INFO     ___FILE_ONLY___ ═
2025-01-15 14:24:45,968 INFO     ___FILE_ONLY___ ═
2025-01-15 14:24:45,968 INFO     ___FILE_ONLY___ ═
2025-01-15 14:24:45,968 INFO     ___FILE_ONLY___ ═
2025-01-15 14:24:45,968 INFO     ___FILE_ONLY___ ═
2025-01-15 14:24:45,968 INFO     ___FILE_ONLY___ ═
2025-01-15 14:24:45,968 INFO     ___FILE_ONLY___ ═
2025-01-15 14:24:45,968 INFO     ___FILE_ONLY___ ═
2025-01-15 14:24:45,969 INFO     ___FILE_ONLY___ ═
2025-01-15 14:24:45,969 INFO     ___FILE_ONLY___ ═
2025-01-15 14:24:45,969 INFO     ___FILE_ONLY___ ═
2025-01-15 14:24:45,969 INFO     ___FILE_ONLY___ ═
2025-01-15 14:24:45,969 INFO     ___FILE_ONLY___ ═
2025-01-15 14:24:45,969 INFO     ___FILE_ONLY___ ═
2025-01-15 14:24:45,969 INFO     ___FILE_ONLY___ ═
2025-01-15 14:24:45,969 INFO     ___FILE_ONLY___ ═
2025-01-15 14:24:45,969 INFO     ___FILE_ONLY___ ═
2025-01-15 14:24:45,969 INFO     ___FILE_ONLY___ ═
2025-01-15 14:24:45,969 INFO     ___FILE_ONLY___ ═
2025-01-15 14:24:45,969 INFO     ___FILE_ONLY___ ═
2025-01-15 14:24:45,970 INFO     ___FILE_ONLY___ ═
2025-01-15 14:24:45,970 INFO     ___FILE_ONLY___ ═
2025-01-15 14:24:45,970 INFO     ___FILE_ONLY___ ═
2025-01-15 14:24:45,970 INFO     ___FILE_ONLY___ ═
2025-01-15 14:24:45,970 INFO     ___FILE_ONLY___ ═
2025-01-15 14:24:45,970 INFO     ___FILE_ONLY___ ═
2025-01-15 14:24:45,970 INFO     ___FILE_ONLY___ ═
2025-01-15 14:24:45,970 INFO     ___FILE_ONLY___ ═
2025-01-15 14:24:45,970 INFO     ___FILE_ONLY___ ═
2025-01-15 14:24:45,970 INFO     ___FILE_ONLY___ ═
2025-01-15 14:24:45,970 INFO     ___FILE_ONLY___ ═
2025-01-15 14:24:45,970 INFO     ___FILE_ONLY___ ═
2025-01-15 14:24:45,971 INFO     ___FILE_ONLY___ ═
2025-01-15 14:24:45,971 INFO     ___FILE_ONLY___ ═
2025-01-15 14:24:45,971 INFO     ___FILE_ONLY___ ═
2025-01-15 14:24:45,971 INFO     ___FILE_ONLY___ ═
2025-01-15 14:24:45,971 INFO     ___FILE_ONLY___ ═
2025-01-15 14:24:45,971 INFO     ___FILE_ONLY___ ═
2025-01-15 14:24:45,971 INFO     ___FILE_ONLY___ ═
2025-01-15 14:24:45,971 INFO     ___FILE_ONLY___ ═
2025-01-15 14:24:45,971 INFO     ___FILE_ONLY___ ═
2025-01-15 14:24:45,971 INFO     ___FILE_ONLY___ ═
2025-01-15 14:24:45,971 INFO     ___FILE_ONLY___ ═
2025-01-15 14:24:45,972 INFO     ___FILE_ONLY___ ═
2025-01-15 14:24:45,972 INFO     ___FILE_ONLY___ ═
2025-01-15 14:24:45,972 INFO     ___FILE_ONLY___ ═
2025-01-15 14:24:45,972 INFO     ___FILE_ONLY___ ═
2025-01-15 14:24:45,972 INFO     ___FILE_ONLY___ ═
2025-01-15 14:24:45,972 INFO     ___FILE_ONLY___ ═
2025-01-15 14:24:45,972 INFO     ___FILE_ONLY___ ═
2025-01-15 14:24:45,972 INFO     ___FILE_ONLY___ ═
2025-01-15 14:24:45,972 INFO     ___FILE_ONLY___ ═
2025-01-15 14:24:45,972 INFO     ___FILE_ONLY___ ═
2025-01-15 14:24:45,972 INFO     ___FILE_ONLY___ ═
2025-01-15 14:24:45,972 INFO     ___FILE_ONLY___ ═
2025-01-15 14:24:45,972 INFO     ___FILE_ONLY___ ═
2025-01-15 14:24:45,973 INFO     ___FILE_ONLY___ ═
2025-01-15 14:24:45,973 INFO     ___FILE_ONLY___ ╝

2025-01-15 14:24:45,975 INFO     ___FILE_ONLY___ ╔════════════════════════════════════════════════════════════╗

2025-01-15 14:24:45,975 INFO     ___FILE_ONLY___ ╠═ Downloading: BigQuery Command Line Tool (Platform Spe... ═╣

2025-01-15 14:24:45,975 INFO     ___FILE_ONLY___ ╚
2025-01-15 14:24:45,978 DEBUG    urllib3.connectionpool Starting new HTTPS connection (1): dl.google.com:443
2025-01-15 14:24:46,046 DEBUG    urllib3.connectionpool https://dl.google.com:443 "GET /dl/cloudsdk/channels/rapid/components/google-cloud-sdk-bq-nix-20240830134514.tar.gz HTTP/1.1" 200 1914
2025-01-15 14:24:46,047 INFO     ___FILE_ONLY___ ════════════════════════════════════════════════════════════
2025-01-15 14:24:46,047 INFO     ___FILE_ONLY___ ╝

2025-01-15 14:24:46,049 INFO     ___FILE_ONLY___ ╔════════════════════════════════════════════════════════════╗

2025-01-15 14:24:46,049 INFO     ___FILE_ONLY___ ╠═ Downloading: Bundled Python 3.11                         ═╣

2025-01-15 14:24:46,049 INFO     ___FILE_ONLY___ ╚
2025-01-15 14:24:46,049 INFO     ___FILE_ONLY___ ════════════════════════════════════════════════════════════
2025-01-15 14:24:46,049 INFO     ___FILE_ONLY___ ╝

2025-01-15 14:24:46,051 INFO     ___FILE_ONLY___ ╔════════════════════════════════════════════════════════════╗

2025-01-15 14:24:46,051 INFO     ___FILE_ONLY___ ╠═ Downloading: Bundled Python 3.11 (Platform Specific)     ═╣

2025-01-15 14:24:46,051 INFO     ___FILE_ONLY___ ╚
2025-01-15 14:24:46,054 DEBUG    urllib3.connectionpool Starting new HTTPS connection (1): dl.google.com:443
2025-01-15 14:24:46,124 DEBUG    urllib3.connectionpool https://dl.google.com:443 "GET /dl/cloudsdk/channels/rapid/components/google-cloud-sdk-bundled-python3-unix-linux-x86_64-20240920144119.tar.gz HTTP/1.1" 200 78001783
2025-01-15 14:24:46,367 INFO     ___FILE_ONLY___ ═
2025-01-15 14:24:46,368 INFO     ___FILE_ONLY___ ═
2025-01-15 14:24:46,370 INFO     ___FILE_ONLY___ ═
2025-01-15 14:24:46,371 INFO     ___FILE_ONLY___ ═
2025-01-15 14:24:46,372 INFO     ___FILE_ONLY___ ═
2025-01-15 14:24:46,374 INFO     ___FILE_ONLY___ ═
2025-01-15 14:24:46,375 INFO     ___FILE_ONLY___ ═
2025-01-15 14:24:46,376 INFO     ___FILE_ONLY___ ═
2025-01-15 14:24:46,378 INFO     ___FILE_ONLY___ ═
2025-01-15 14:24:46,379 INFO     ___FILE_ONLY___ ═
2025-01-15 14:24:46,381 INFO     ___FILE_ONLY___ ═
2025-01-15 14:24:46,382 INFO     ___FILE_ONLY___ ═
2025-01-15 14:24:46,383 INFO     ___FILE_ONLY___ ═
2025-01-15 14:24:46,385 INFO     ___FILE_ONLY___ ═
2025-01-15 14:24:46,386 INFO     ___FILE_ONLY___ ═
2025-01-15 14:24:46,387 INFO     ___FILE_ONLY___ ═
2025-01-15 14:24:46,389 INFO     ___FILE_ONLY___ ═
2025-01-15 14:24:46,390 INFO     ___FILE_ONLY___ ═
2025-01-15 14:24:46,392 INFO     ___FILE_ONLY___ ═
2025-01-15 14:24:46,393 INFO     ___FILE_ONLY___ ═
2025-01-15 14:24:46,394 INFO     ___FILE_ONLY___ ═
2025-01-15 14:24:46,396 INFO     ___FILE_ONLY___ ═
2025-01-15 14:24:46,397 INFO     ___FILE_ONLY___ ═
2025-01-15 14:24:46,398 INFO     ___FILE_ONLY___ ═
2025-01-15 14:24:46,400 INFO     ___FILE_ONLY___ ═
2025-01-15 14:24:46,401 INFO     ___FILE_ONLY___ ═
2025-01-15 14:24:46,402 INFO     ___FILE_ONLY___ ═
2025-01-15 14:24:46,404 INFO     ___FILE_ONLY___ ═
2025-01-15 14:24:46,405 INFO     ___FILE_ONLY___ ═
2025-01-15 14:24:46,406 INFO     ___FILE_ONLY___ ═
2025-01-15 14:24:46,408 INFO     ___FILE_ONLY___ ═
2025-01-15 14:24:46,409 INFO     ___FILE_ONLY___ ═
2025-01-15 14:24:46,410 INFO     ___FILE_ONLY___ ═
2025-01-15 14:24:46,412 INFO     ___FILE_ONLY___ ═
2025-01-15 14:24:46,413 INFO     ___FILE_ONLY___ ═
2025-01-15 14:24:46,414 INFO     ___FILE_ONLY___ ═
2025-01-15 14:24:46,416 INFO     ___FILE_ONLY___ ═
2025-01-15 14:24:46,417 INFO     ___FILE_ONLY___ ═
2025-01-15 14:24:46,419 INFO     ___FILE_ONLY___ ═
2025-01-15 14:24:46,420 INFO     ___FILE_ONLY___ ═
2025-01-15 14:24:46,421 INFO     ___FILE_ONLY___ ═
2025-01-15 14:24:46,423 INFO     ___FILE_ONLY___ ═
2025-01-15 14:24:46,424 INFO     ___FILE_ONLY___ ═
2025-01-15 14:24:46,425 INFO     ___FILE_ONLY___ ═
2025-01-15 14:24:46,427 INFO     ___FILE_ONLY___ ═
2025-01-15 14:24:46,428 INFO     ___FILE_ONLY___ ═
2025-01-15 14:24:46,429 INFO     ___FILE_ONLY___ ═
2025-01-15 14:24:46,431 INFO     ___FILE_ONLY___ ═
2025-01-15 14:24:46,432 INFO     ___FILE_ONLY___ ═
2025-01-15 14:24:46,433 INFO     ___FILE_ONLY___ ═
2025-01-15 14:24:46,435 INFO     ___FILE_ONLY___ ═
2025-01-15 14:24:46,436 INFO     ___FILE_ONLY___ ═
2025-01-15 14:24:46,437 INFO     ___FILE_ONLY___ ═
2025-01-15 14:24:46,439 INFO     ___FILE_ONLY___ ═
2025-01-15 14:24:46,440 INFO     ___FILE_ONLY___ ═
2025-01-15 14:24:46,442 INFO     ___FILE_ONLY___ ═
2025-01-15 14:24:46,443 INFO     ___FILE_ONLY___ ═
2025-01-15 14:24:46,444 INFO     ___FILE_ONLY___ ═
2025-01-15 14:24:46,446 INFO     ___FILE_ONLY___ ═
2025-01-15 14:24:46,447 INFO     ___FILE_ONLY___ ═
2025-01-15 14:24:46,447 INFO     ___FILE_ONLY___ ╝

2025-01-15 14:24:46,449 INFO     ___FILE_ONLY___ ╔════════════════════════════════════════════════════════════╗

2025-01-15 14:24:46,450 INFO     ___FILE_ONLY___ ╠═ Downloading: Cloud Storage Command Line Tool             ═╣

2025-01-15 14:24:46,450 INFO     ___FILE_ONLY___ ╚
2025-01-15 14:24:46,453 DEBUG    urllib3.connectionpool Starting new HTTPS connection (1): dl.google.com:443
2025-01-15 14:24:46,525 DEBUG    urllib3.connectionpool https://dl.google.com:443 "GET /dl/cloudsdk/channels/rapid/components/google-cloud-sdk-gsutil-20241213184646.tar.gz HTTP/1.1" 200 12368759
2025-01-15 14:24:46,560 INFO     ___FILE_ONLY___ ═
2025-01-15 14:24:46,561 INFO     ___FILE_ONLY___ ═
2025-01-15 14:24:46,561 INFO     ___FILE_ONLY___ ═
2025-01-15 14:24:46,561 INFO     ___FILE_ONLY___ ═
2025-01-15 14:24:46,562 INFO     ___FILE_ONLY___ ═
2025-01-15 14:24:46,562 INFO     ___FILE_ONLY___ ═
2025-01-15 14:24:46,562 INFO     ___FILE_ONLY___ ═
2025-01-15 14:24:46,562 INFO     ___FILE_ONLY___ ═
2025-01-15 14:24:46,563 INFO     ___FILE_ONLY___ ═
2025-01-15 14:24:46,563 INFO     ___FILE_ONLY___ ═
2025-01-15 14:24:46,563 INFO     ___FILE_ONLY___ ═
2025-01-15 14:24:46,564 INFO     ___FILE_ONLY___ ═
2025-01-15 14:24:46,564 INFO     ___FILE_ONLY___ ═
2025-01-15 14:24:46,564 INFO     ___FILE_ONLY___ ═
2025-01-15 14:24:46,564 INFO     ___FILE_ONLY___ ═
2025-01-15 14:24:46,565 INFO     ___FILE_ONLY___ ═
2025-01-15 14:24:46,565 INFO     ___FILE_ONLY___ ═
2025-01-15 14:24:46,565 INFO     ___FILE_ONLY___ ═
2025-01-15 14:24:46,566 INFO     ___FILE_ONLY___ ═
2025-01-15 14:24:46,566 INFO     ___FILE_ONLY___ ═
2025-01-15 14:24:46,566 INFO     ___FILE_ONLY___ ═
2025-01-15 14:24:46,566 INFO     ___FILE_ONLY___ ═
2025-01-15 14:24:46,567 INFO     ___FILE_ONLY___ ═
2025-01-15 14:24:46,567 INFO     ___FILE_ONLY___ ═
2025-01-15 14:24:46,567 INFO     ___FILE_ONLY___ ═
2025-01-15 14:24:46,567 INFO     ___FILE_ONLY___ ═
2025-01-15 14:24:46,568 INFO     ___FILE_ONLY___ ═
2025-01-15 14:24:46,568 INFO     ___FILE_ONLY___ ═
2025-01-15 14:24:46,568 INFO     ___FILE_ONLY___ ═
2025-01-15 14:24:46,569 INFO     ___FILE_ONLY___ ═
2025-01-15 14:24:46,569 INFO     ___FILE_ONLY___ ═
2025-01-15 14:24:46,569 INFO     ___FILE_ONLY___ ═
2025-01-15 14:24:46,569 INFO     ___FILE_ONLY___ ═
2025-01-15 14:24:46,570 INFO     ___FILE_ONLY___ ═
2025-01-15 14:24:46,570 INFO     ___FILE_ONLY___ ═
2025-01-15 14:24:46,570 INFO     ___FILE_ONLY___ ═
2025-01-15 14:24:46,571 INFO     ___FILE_ONLY___ ═
2025-01-15 14:24:46,571 INFO     ___FILE_ONLY___ ═
2025-01-15 14:24:46,571 INFO     ___FILE_ONLY___ ═
2025-01-15 14:24:46,571 INFO     ___FILE_ONLY___ ═
2025-01-15 14:24:46,572 INFO     ___FILE_ONLY___ ═
2025-01-15 14:24:46,572 INFO     ___FILE_ONLY___ ═
2025-01-15 14:24:46,572 INFO     ___FILE_ONLY___ ═
2025-01-15 14:24:46,572 INFO     ___FILE_ONLY___ ═
2025-01-15 14:24:46,573 INFO     ___FILE_ONLY___ ═
2025-01-15 14:24:46,573 INFO     ___FILE_ONLY___ ═
2025-01-15 14:24:46,573 INFO     ___FILE_ONLY___ ═
2025-01-15 14:24:46,574 INFO     ___FILE_ONLY___ ═
2025-01-15 14:24:46,574 INFO     ___FILE_ONLY___ ═
2025-01-15 14:24:46,574 INFO     ___FILE_ONLY___ ═
2025-01-15 14:24:46,574 INFO     ___FILE_ONLY___ ═
2025-01-15 14:24:46,575 INFO     ___FILE_ONLY___ ═
2025-01-15 14:24:46,575 INFO     ___FILE_ONLY___ ═
2025-01-15 14:24:46,575 INFO     ___FILE_ONLY___ ═
2025-01-15 14:24:46,575 INFO     ___FILE_ONLY___ ═
2025-01-15 14:24:46,576 INFO     ___FILE_ONLY___ ═
2025-01-15 14:24:46,576 INFO     ___FILE_ONLY___ ═
2025-01-15 14:24:46,576 INFO     ___FILE_ONLY___ ═
2025-01-15 14:24:46,577 INFO     ___FILE_ONLY___ ═
2025-01-15 14:24:46,577 INFO     ___FILE_ONLY___ ═
2025-01-15 14:24:46,577 INFO     ___FILE_ONLY___ ╝

2025-01-15 14:24:46,579 INFO     ___FILE_ONLY___ ╔════════════════════════════════════════════════════════════╗

2025-01-15 14:24:46,579 INFO     ___FILE_ONLY___ ╠═ Downloading: Cloud Storage Command Line Tool (Platfor... ═╣

2025-01-15 14:24:46,579 INFO     ___FILE_ONLY___ ╚
2025-01-15 14:24:46,582 DEBUG    urllib3.connectionpool Starting new HTTPS connection (1): dl.google.com:443
2025-01-15 14:24:46,653 DEBUG    urllib3.connectionpool https://dl.google.com:443 "GET /dl/cloudsdk/channels/rapid/components/google-cloud-sdk-gsutil-nix-20240830134514.tar.gz HTTP/1.1" 200 1928
2025-01-15 14:24:46,653 INFO     ___FILE_ONLY___ ════════════════════════════════════════════════════════════
2025-01-15 14:24:46,653 INFO     ___FILE_ONLY___ ╝

2025-01-15 14:24:46,655 INFO     ___FILE_ONLY___ ╔════════════════════════════════════════════════════════════╗

2025-01-15 14:24:46,656 INFO     ___FILE_ONLY___ ╠═ Downloading: Default set of gcloud commands              ═╣

2025-01-15 14:24:46,656 INFO     ___FILE_ONLY___ ╚
2025-01-15 14:24:46,656 INFO     ___FILE_ONLY___ ════════════════════════════════════════════════════════════
2025-01-15 14:24:46,656 INFO     ___FILE_ONLY___ ╝

2025-01-15 14:24:46,657 INFO     ___FILE_ONLY___ ╔════════════════════════════════════════════════════════════╗

2025-01-15 14:24:46,658 INFO     ___FILE_ONLY___ ╠═ Downloading: Google Cloud CLI Core Libraries (Platfor... ═╣

2025-01-15 14:24:46,658 INFO     ___FILE_ONLY___ ╚
2025-01-15 14:24:46,661 DEBUG    urllib3.connectionpool Starting new HTTPS connection (1): dl.google.com:443
2025-01-15 14:24:46,727 DEBUG    urllib3.connectionpool https://dl.google.com:443 "GET /dl/cloudsdk/channels/rapid/components/google-cloud-sdk-core-nix-20240830134514.tar.gz HTTP/1.1" 200 2306
2025-01-15 14:24:46,728 INFO     ___FILE_ONLY___ ════════════════════════════════════════════════════════════
2025-01-15 14:24:46,728 INFO     ___FILE_ONLY___ ╝

2025-01-15 14:24:46,730 INFO     ___FILE_ONLY___ ╔════════════════════════════════════════════════════════════╗

2025-01-15 14:24:46,730 INFO     ___FILE_ONLY___ ╠═ Downloading: Google Cloud CRC32C Hash Tool               ═╣

2025-01-15 14:24:46,730 INFO     ___FILE_ONLY___ ╚
2025-01-15 14:24:46,730 INFO     ___FILE_ONLY___ ════════════════════════════════════════════════════════════
2025-01-15 14:24:46,730 INFO     ___FILE_ONLY___ ╝

2025-01-15 14:24:46,732 INFO     ___FILE_ONLY___ ╔════════════════════════════════════════════════════════════╗

2025-01-15 14:24:46,732 INFO     ___FILE_ONLY___ ╠═ Downloading: Google Cloud CRC32C Hash Tool (Platform ... ═╣

2025-01-15 14:24:46,732 INFO     ___FILE_ONLY___ ╚
2025-01-15 14:24:46,735 DEBUG    urllib3.connectionpool Starting new HTTPS connection (1): dl.google.com:443
2025-01-15 14:24:46,803 DEBUG    urllib3.connectionpool https://dl.google.com:443 "GET /dl/cloudsdk/channels/rapid/components/google-cloud-sdk-gcloud-crc32c-linux-x86_64-20250110133808.tar.gz HTTP/1.1" 200 1478989
2025-01-15 14:24:46,818 INFO     ___FILE_ONLY___ ═
2025-01-15 14:24:46,818 INFO     ___FILE_ONLY___ ═
2025-01-15 14:24:46,819 INFO     ___FILE_ONLY___ ═
2025-01-15 14:24:46,819 INFO     ___FILE_ONLY___ ═
2025-01-15 14:24:46,819 INFO     ___FILE_ONLY___ ═
2025-01-15 14:24:46,819 INFO     ___FILE_ONLY___ ═
2025-01-15 14:24:46,819 INFO     ___FILE_ONLY___ ═
2025-01-15 14:24:46,819 INFO     ___FILE_ONLY___ ═
2025-01-15 14:24:46,819 INFO     ___FILE_ONLY___ ═
2025-01-15 14:24:46,819 INFO     ___FILE_ONLY___ ═
2025-01-15 14:24:46,819 INFO     ___FILE_ONLY___ ═
2025-01-15 14:24:46,819 INFO     ___FILE_ONLY___ ═
2025-01-15 14:24:46,820 INFO     ___FILE_ONLY___ ═
2025-01-15 14:24:46,820 INFO     ___FILE_ONLY___ ═
2025-01-15 14:24:46,820 INFO     ___FILE_ONLY___ ═
2025-01-15 14:24:46,820 INFO     ___FILE_ONLY___ ═
2025-01-15 14:24:46,820 INFO     ___FILE_ONLY___ ═
2025-01-15 14:24:46,820 INFO     ___FILE_ONLY___ ═
2025-01-15 14:24:46,820 INFO     ___FILE_ONLY___ ═
2025-01-15 14:24:46,820 INFO     ___FILE_ONLY___ ═
2025-01-15 14:24:46,820 INFO     ___FILE_ONLY___ ═
2025-01-15 14:24:46,820 INFO     ___FILE_ONLY___ ═
2025-01-15 14:24:46,820 INFO     ___FILE_ONLY___ ═
2025-01-15 14:24:46,821 INFO     ___FILE_ONLY___ ═
2025-01-15 14:24:46,821 INFO     ___FILE_ONLY___ ═
2025-01-15 14:24:46,821 INFO     ___FILE_ONLY___ ═
2025-01-15 14:24:46,821 INFO     ___FILE_ONLY___ ═
2025-01-15 14:24:46,821 INFO     ___FILE_ONLY___ ═
2025-01-15 14:24:46,821 INFO     ___FILE_ONLY___ ═
2025-01-15 14:24:46,821 INFO     ___FILE_ONLY___ ═
2025-01-15 14:24:46,821 INFO     ___FILE_ONLY___ ═
2025-01-15 14:24:46,821 INFO     ___FILE_ONLY___ ═
2025-01-15 14:24:46,821 INFO     ___FILE_ONLY___ ═
2025-01-15 14:24:46,821 INFO     ___FILE_ONLY___ ═
2025-01-15 14:24:46,822 INFO     ___FILE_ONLY___ ═
2025-01-15 14:24:46,822 INFO     ___FILE_ONLY___ ═
2025-01-15 14:24:46,822 INFO     ___FILE_ONLY___ ═
2025-01-15 14:24:46,822 INFO     ___FILE_ONLY___ ═
2025-01-15 14:24:46,822 INFO     ___FILE_ONLY___ ═
2025-01-15 14:24:46,822 INFO     ___FILE_ONLY___ ═
2025-01-15 14:24:46,822 INFO     ___FILE_ONLY___ ═
2025-01-15 14:24:46,822 INFO     ___FILE_ONLY___ ═
2025-01-15 14:24:46,822 INFO     ___FILE_ONLY___ ═
2025-01-15 14:24:46,822 INFO     ___FILE_ONLY___ ═
2025-01-15 14:24:46,822 INFO     ___FILE_ONLY___ ═
2025-01-15 14:24:46,823 INFO     ___FILE_ONLY___ ═
2025-01-15 14:24:46,823 INFO     ___FILE_ONLY___ ═
2025-01-15 14:24:46,823 INFO     ___FILE_ONLY___ ═
2025-01-15 14:24:46,823 INFO     ___FILE_ONLY___ ═
2025-01-15 14:24:46,823 INFO     ___FILE_ONLY___ ═
2025-01-15 14:24:46,823 INFO     ___FILE_ONLY___ ═
2025-01-15 14:24:46,823 INFO     ___FILE_ONLY___ ═
2025-01-15 14:24:46,823 INFO     ___FILE_ONLY___ ═
2025-01-15 14:24:46,823 INFO     ___FILE_ONLY___ ═
2025-01-15 14:24:46,823 INFO     ___FILE_ONLY___ ═
2025-01-15 14:24:46,823 INFO     ___FILE_ONLY___ ═
2025-01-15 14:24:46,824 INFO     ___FILE_ONLY___ ═
2025-01-15 14:24:46,824 INFO     ___FILE_ONLY___ ═
2025-01-15 14:24:46,824 INFO     ___FILE_ONLY___ ═
2025-01-15 14:24:46,824 INFO     ___FILE_ONLY___ ═
2025-01-15 14:24:46,824 INFO     ___FILE_ONLY___ ╝

2025-01-15 14:24:46,826 INFO     ___FILE_ONLY___ ╔════════════════════════════════════════════════════════════╗

2025-01-15 14:24:46,826 INFO     ___FILE_ONLY___ ╠═ Downloading: gcloud cli dependencies (Platform Specific) ═╣

2025-01-15 14:24:46,826 INFO     ___FILE_ONLY___ ╚
2025-01-15 14:24:46,837 DEBUG    urllib3.connectionpool Starting new HTTPS connection (1): dl.google.com:443
2025-01-15 14:24:46,908 DEBUG    urllib3.connectionpool https://dl.google.com:443 "GET /dl/cloudsdk/channels/rapid/components/google-cloud-sdk-gcloud-deps-linux-x86_64-20210416153011.tar.gz HTTP/1.1" 200 104
2025-01-15 14:24:46,908 INFO     ___FILE_ONLY___ ════════════════════════════════════════════════════════════
2025-01-15 14:24:46,908 INFO     ___FILE_ONLY___ ╝

2025-01-15 14:24:46,910 INFO     ___FILE_ONLY___ ╔════════════════════════════════════════════════════════════╗

2025-01-15 14:24:46,911 INFO     ___FILE_ONLY___ ╠═ Installing: BigQuery Command Line Tool                   ═╣

2025-01-15 14:24:46,911 INFO     ___FILE_ONLY___ ╚
2025-01-15 14:24:47,001 INFO     ___FILE_ONLY___ ═
2025-01-15 14:24:47,004 INFO     ___FILE_ONLY___ ═
2025-01-15 14:24:47,006 INFO     ___FILE_ONLY___ ═
2025-01-15 14:24:47,009 INFO     ___FILE_ONLY___ ═
2025-01-15 14:24:47,011 INFO     ___FILE_ONLY___ ═
2025-01-15 14:24:47,013 INFO     ___FILE_ONLY___ ═
2025-01-15 14:24:47,015 INFO     ___FILE_ONLY___ ═
2025-01-15 14:24:47,017 INFO     ___FILE_ONLY___ ═
2025-01-15 14:24:47,020 INFO     ___FILE_ONLY___ ═
2025-01-15 14:24:47,021 INFO     ___FILE_ONLY___ ═
2025-01-15 14:24:47,023 INFO     ___FILE_ONLY___ ═
2025-01-15 14:24:47,025 INFO     ___FILE_ONLY___ ═
2025-01-15 14:24:47,027 INFO     ___FILE_ONLY___ ═
2025-01-15 14:24:47,029 INFO     ___FILE_ONLY___ ═
2025-01-15 14:24:47,031 INFO     ___FILE_ONLY___ ═
2025-01-15 14:24:47,033 INFO     ___FILE_ONLY___ ═
2025-01-15 14:24:47,035 INFO     ___FILE_ONLY___ ═
2025-01-15 14:24:47,038 INFO     ___FILE_ONLY___ ═
2025-01-15 14:24:47,040 INFO     ___FILE_ONLY___ ═
2025-01-15 14:24:47,043 INFO     ___FILE_ONLY___ ═
2025-01-15 14:24:47,045 INFO     ___FILE_ONLY___ ═
2025-01-15 14:24:47,047 INFO     ___FILE_ONLY___ ═
2025-01-15 14:24:47,048 INFO     ___FILE_ONLY___ ═
2025-01-15 14:24:47,050 INFO     ___FILE_ONLY___ ═
2025-01-15 14:24:47,052 INFO     ___FILE_ONLY___ ═
2025-01-15 14:24:47,054 INFO     ___FILE_ONLY___ ═
2025-01-15 14:24:47,056 INFO     ___FILE_ONLY___ ═
2025-01-15 14:24:47,058 INFO     ___FILE_ONLY___ ═
2025-01-15 14:24:47,061 INFO     ___FILE_ONLY___ ═
2025-01-15 14:24:47,063 INFO     ___FILE_ONLY___ ═
2025-01-15 14:24:47,065 INFO     ___FILE_ONLY___ ═
2025-01-15 14:24:47,067 INFO     ___FILE_ONLY___ ═
2025-01-15 14:24:47,070 INFO     ___FILE_ONLY___ ═
2025-01-15 14:24:47,074 INFO     ___FILE_ONLY___ ═
2025-01-15 14:24:47,082 INFO     ___FILE_ONLY___ ═
2025-01-15 14:24:47,083 INFO     ___FILE_ONLY___ ═
2025-01-15 14:24:47,086 INFO     ___FILE_ONLY___ ═
2025-01-15 14:24:47,091 INFO     ___FILE_ONLY___ ═
2025-01-15 14:24:47,093 INFO     ___FILE_ONLY___ ═
2025-01-15 14:24:47,095 INFO     ___FILE_ONLY___ ═
2025-01-15 14:24:47,097 INFO     ___FILE_ONLY___ ═
2025-01-15 14:24:47,099 INFO     ___FILE_ONLY___ ═
2025-01-15 14:24:47,103 INFO     ___FILE_ONLY___ ═
2025-01-15 14:24:47,106 INFO     ___FILE_ONLY___ ═
2025-01-15 14:24:47,108 INFO     ___FILE_ONLY___ ═
2025-01-15 14:24:47,109 INFO     ___FILE_ONLY___ ═
2025-01-15 14:24:47,111 INFO     ___FILE_ONLY___ ═
2025-01-15 14:24:47,113 INFO     ___FILE_ONLY___ ═
2025-01-15 14:24:47,115 INFO     ___FILE_ONLY___ ═
2025-01-15 14:24:47,118 INFO     ___FILE_ONLY___ ═
2025-01-15 14:24:47,119 INFO     ___FILE_ONLY___ ═
2025-01-15 14:24:47,121 INFO     ___FILE_ONLY___ ═
2025-01-15 14:24:47,123 INFO     ___FILE_ONLY___ ═
2025-01-15 14:24:47,125 INFO     ___FILE_ONLY___ ═
2025-01-15 14:24:47,128 INFO     ___FILE_ONLY___ ═
2025-01-15 14:24:47,130 INFO     ___FILE_ONLY___ ═
2025-01-15 14:24:47,132 INFO     ___FILE_ONLY___ ═
2025-01-15 14:24:47,134 INFO     ___FILE_ONLY___ ═
2025-01-15 14:24:47,136 INFO     ___FILE_ONLY___ ═
2025-01-15 14:24:47,139 INFO     ___FILE_ONLY___ ═
2025-01-15 14:24:47,139 INFO     ___FILE_ONLY___ ╝

2025-01-15 14:24:47,146 INFO     ___FILE_ONLY___ ╔════════════════════════════════════════════════════════════╗

2025-01-15 14:24:47,146 INFO     ___FILE_ONLY___ ╠═ Installing: BigQuery Command Line Tool (Platform Spec... ═╣

2025-01-15 14:24:47,146 INFO     ___FILE_ONLY___ ╚
2025-01-15 14:24:47,147 INFO     ___FILE_ONLY___ ════════════════════════════════════════════════════════════
2025-01-15 14:24:47,147 INFO     ___FILE_ONLY___ ╝

2025-01-15 14:24:47,151 INFO     ___FILE_ONLY___ ╔════════════════════════════════════════════════════════════╗

2025-01-15 14:24:47,151 INFO     ___FILE_ONLY___ ╠═ Installing: Bundled Python 3.11                          ═╣

2025-01-15 14:24:47,151 INFO     ___FILE_ONLY___ ╚
2025-01-15 14:24:47,154 INFO     ___FILE_ONLY___ ════════════════════════════════════════════════════════════
2025-01-15 14:24:47,154 INFO     ___FILE_ONLY___ ╝

2025-01-15 14:24:47,155 INFO     ___FILE_ONLY___ ╔════════════════════════════════════════════════════════════╗

2025-01-15 14:24:47,156 INFO     ___FILE_ONLY___ ╠═ Installing: Bundled Python 3.11 (Platform Specific)      ═╣

2025-01-15 14:24:47,156 INFO     ___FILE_ONLY___ ╚
2025-01-15 14:24:49,080 INFO     ___FILE_ONLY___ ═
2025-01-15 14:24:49,096 INFO     ___FILE_ONLY___ ═
2025-01-15 14:24:49,110 INFO     ___FILE_ONLY___ ═
2025-01-15 14:24:49,124 INFO     ___FILE_ONLY___ ═
2025-01-15 14:24:49,136 INFO     ___FILE_ONLY___ ═
2025-01-15 14:24:49,147 INFO     ___FILE_ONLY___ ═
2025-01-15 14:24:49,159 INFO     ___FILE_ONLY___ ═
2025-01-15 14:24:49,170 INFO     ___FILE_ONLY___ ═
2025-01-15 14:24:49,182 INFO     ___FILE_ONLY___ ═
2025-01-15 14:24:49,193 INFO     ___FILE_ONLY___ ═
2025-01-15 14:24:49,204 INFO     ___FILE_ONLY___ ═
2025-01-15 14:24:49,215 INFO     ___FILE_ONLY___ ═
2025-01-15 14:24:49,226 INFO     ___FILE_ONLY___ ═
2025-01-15 14:24:49,238 INFO     ___FILE_ONLY___ ═
2025-01-15 14:24:49,249 INFO     ___FILE_ONLY___ ═
2025-01-15 14:24:49,260 INFO     ___FILE_ONLY___ ═
2025-01-15 14:24:49,272 INFO     ___FILE_ONLY___ ═
2025-01-15 14:24:49,283 INFO     ___FILE_ONLY___ ═
2025-01-15 14:24:49,294 INFO     ___FILE_ONLY___ ═
2025-01-15 14:24:49,305 INFO     ___FILE_ONLY___ ═
2025-01-15 14:24:49,316 INFO     ___FILE_ONLY___ ═
2025-01-15 14:24:49,328 INFO     ___FILE_ONLY___ ═
2025-01-15 14:24:49,339 INFO     ___FILE_ONLY___ ═
2025-01-15 14:24:49,350 INFO     ___FILE_ONLY___ ═
2025-01-15 14:24:49,362 INFO     ___FILE_ONLY___ ═
2025-01-15 14:24:49,373 INFO     ___FILE_ONLY___ ═
2025-01-15 14:24:49,384 INFO     ___FILE_ONLY___ ═
2025-01-15 14:24:49,396 INFO     ___FILE_ONLY___ ═
2025-01-15 14:24:49,407 INFO     ___FILE_ONLY___ ═
2025-01-15 14:24:49,418 INFO     ___FILE_ONLY___ ═
2025-01-15 14:24:49,429 INFO     ___FILE_ONLY___ ═
2025-01-15 14:24:49,439 INFO     ___FILE_ONLY___ ═
2025-01-15 14:24:49,450 INFO     ___FILE_ONLY___ ═
2025-01-15 14:24:49,461 INFO     ___FILE_ONLY___ ═
2025-01-15 14:24:49,472 INFO     ___FILE_ONLY___ ═
2025-01-15 14:24:49,484 INFO     ___FILE_ONLY___ ═
2025-01-15 14:24:50,208 INFO     ___FILE_ONLY___ ═
2025-01-15 14:24:50,232 INFO     ___FILE_ONLY___ ═
2025-01-15 14:24:50,254 INFO     ___FILE_ONLY___ ═
2025-01-15 14:24:50,273 INFO     ___FILE_ONLY___ ═
2025-01-15 14:24:50,292 INFO     ___FILE_ONLY___ ═
2025-01-15 14:24:50,426 INFO     ___FILE_ONLY___ ═
2025-01-15 14:24:50,453 INFO     ___FILE_ONLY___ ═
2025-01-15 14:24:50,470 INFO     ___FILE_ONLY___ ═
2025-01-15 14:24:50,485 INFO     ___FILE_ONLY___ ═
2025-01-15 14:24:50,502 INFO     ___FILE_ONLY___ ═
2025-01-15 14:24:50,529 INFO     ___FILE_ONLY___ ═
2025-01-15 14:24:50,549 INFO     ___FILE_ONLY___ ═
2025-01-15 14:24:50,565 INFO     ___FILE_ONLY___ ═
2025-01-15 14:24:50,579 INFO     ___FILE_ONLY___ ═
2025-01-15 14:24:50,668 INFO     ___FILE_ONLY___ ═
2025-01-15 14:24:50,686 INFO     ___FILE_ONLY___ ═
2025-01-15 14:24:50,704 INFO     ___FILE_ONLY___ ═
2025-01-15 14:24:50,720 INFO     ___FILE_ONLY___ ═
2025-01-15 14:24:50,762 INFO     ___FILE_ONLY___ ═
2025-01-15 14:24:51,118 INFO     ___FILE_ONLY___ ═
2025-01-15 14:24:51,137 INFO     ___FILE_ONLY___ ═
2025-01-15 14:24:51,156 INFO     ___FILE_ONLY___ ═
2025-01-15 14:24:51,172 INFO     ___FILE_ONLY___ ═
2025-01-15 14:24:51,526 INFO     ___FILE_ONLY___ ═
2025-01-15 14:24:51,526 INFO     ___FILE_ONLY___ ╝

2025-01-15 14:24:51,574 INFO     ___FILE_ONLY___ ╔════════════════════════════════════════════════════════════╗

2025-01-15 14:24:51,574 INFO     ___FILE_ONLY___ ╠═ Installing: Cloud Storage Command Line Tool              ═╣

2025-01-15 14:24:51,574 INFO     ___FILE_ONLY___ ╚
2025-01-15 14:24:52,102 INFO     ___FILE_ONLY___ ═
2025-01-15 14:24:52,118 INFO     ___FILE_ONLY___ ═
2025-01-15 14:24:52,140 INFO     ___FILE_ONLY___ ═
2025-01-15 14:24:52,155 INFO     ___FILE_ONLY___ ═
2025-01-15 14:24:52,170 INFO     ___FILE_ONLY___ ═
2025-01-15 14:24:52,181 INFO     ___FILE_ONLY___ ═
2025-01-15 14:24:52,194 INFO     ___FILE_ONLY___ ═
2025-01-15 14:24:52,206 INFO     ___FILE_ONLY___ ═
2025-01-15 14:24:52,220 INFO     ___FILE_ONLY___ ═
2025-01-15 14:24:52,232 INFO     ___FILE_ONLY___ ═
2025-01-15 14:24:52,244 INFO     ___FILE_ONLY___ ═
2025-01-15 14:24:52,255 INFO     ___FILE_ONLY___ ═
2025-01-15 14:24:52,263 INFO     ___FILE_ONLY___ ═
2025-01-15 14:24:52,272 INFO     ___FILE_ONLY___ ═
2025-01-15 14:24:52,281 INFO     ___FILE_ONLY___ ═
2025-01-15 14:24:52,290 INFO     ___FILE_ONLY___ ═
2025-01-15 14:24:52,302 INFO     ___FILE_ONLY___ ═
2025-01-15 14:24:52,313 INFO     ___FILE_ONLY___ ═
2025-01-15 14:24:52,323 INFO     ___FILE_ONLY___ ═
2025-01-15 14:24:52,333 INFO     ___FILE_ONLY___ ═
2025-01-15 14:24:52,345 INFO     ___FILE_ONLY___ ═
2025-01-15 14:24:52,358 INFO     ___FILE_ONLY___ ═
2025-01-15 14:24:52,372 INFO     ___FILE_ONLY___ ═
2025-01-15 14:24:52,381 INFO     ___FILE_ONLY___ ═
2025-01-15 14:24:52,392 INFO     ___FILE_ONLY___ ═
2025-01-15 14:24:52,407 INFO     ___FILE_ONLY___ ═
2025-01-15 14:24:52,422 INFO     ___FILE_ONLY___ ═
2025-01-15 14:24:52,440 INFO     ___FILE_ONLY___ ═
2025-01-15 14:24:52,456 INFO     ___FILE_ONLY___ ═
2025-01-15 14:24:52,475 INFO     ___FILE_ONLY___ ═
2025-01-15 14:24:52,485 INFO     ___FILE_ONLY___ ═
2025-01-15 14:24:52,495 INFO     ___FILE_ONLY___ ═
2025-01-15 14:24:52,512 INFO     ___FILE_ONLY___ ═
2025-01-15 14:24:52,524 INFO     ___FILE_ONLY___ ═
2025-01-15 14:24:52,533 INFO     ___FILE_ONLY___ ═
2025-01-15 14:24:52,543 INFO     ___FILE_ONLY___ ═
2025-01-15 14:24:52,552 INFO     ___FILE_ONLY___ ═
2025-01-15 14:24:52,562 INFO     ___FILE_ONLY___ ═
2025-01-15 14:24:52,572 INFO     ___FILE_ONLY___ ═
2025-01-15 14:24:52,582 INFO     ___FILE_ONLY___ ═
2025-01-15 14:24:52,591 INFO     ___FILE_ONLY___ ═
2025-01-15 14:24:52,603 INFO     ___FILE_ONLY___ ═
2025-01-15 14:24:52,612 INFO     ___FILE_ONLY___ ═
2025-01-15 14:24:52,624 INFO     ___FILE_ONLY___ ═
2025-01-15 14:24:52,639 INFO     ___FILE_ONLY___ ═
2025-01-15 14:24:52,649 INFO     ___FILE_ONLY___ ═
2025-01-15 14:24:52,657 INFO     ___FILE_ONLY___ ═
2025-01-15 14:24:52,667 INFO     ___FILE_ONLY___ ═
2025-01-15 14:24:52,677 INFO     ___FILE_ONLY___ ═
2025-01-15 14:24:52,688 INFO     ___FILE_ONLY___ ═
2025-01-15 14:24:52,704 INFO     ___FILE_ONLY___ ═
2025-01-15 14:24:52,715 INFO     ___FILE_ONLY___ ═
2025-01-15 14:24:52,730 INFO     ___FILE_ONLY___ ═
2025-01-15 14:24:52,742 INFO     ___FILE_ONLY___ ═
2025-01-15 14:24:52,776 INFO     ___FILE_ONLY___ ═
2025-01-15 14:24:52,785 INFO     ___FILE_ONLY___ ═
2025-01-15 14:24:52,794 INFO     ___FILE_ONLY___ ═
2025-01-15 14:24:52,804 INFO     ___FILE_ONLY___ ═
2025-01-15 14:24:52,814 INFO     ___FILE_ONLY___ ═
2025-01-15 14:24:52,828 INFO     ___FILE_ONLY___ ═
2025-01-15 14:24:52,828 INFO     ___FILE_ONLY___ ╝

2025-01-15 14:24:52,858 INFO     ___FILE_ONLY___ ╔════════════════════════════════════════════════════════════╗

2025-01-15 14:24:52,858 INFO     ___FILE_ONLY___ ╠═ Installing: Cloud Storage Command Line Tool (Platform... ═╣

2025-01-15 14:24:52,858 INFO     ___FILE_ONLY___ ╚
2025-01-15 14:24:52,859 INFO     ___FILE_ONLY___ ════════════════════════════════════════════════════════════
2025-01-15 14:24:52,859 INFO     ___FILE_ONLY___ ╝

2025-01-15 14:24:52,863 INFO     ___FILE_ONLY___ ╔════════════════════════════════════════════════════════════╗

2025-01-15 14:24:52,863 INFO     ___FILE_ONLY___ ╠═ Installing: Default set of gcloud commands               ═╣

2025-01-15 14:24:52,863 INFO     ___FILE_ONLY___ ╚
2025-01-15 14:24:52,865 INFO     ___FILE_ONLY___ ════════════════════════════════════════════════════════════
2025-01-15 14:24:52,866 INFO     ___FILE_ONLY___ ╝

2025-01-15 14:24:52,867 INFO     ___FILE_ONLY___ ╔════════════════════════════════════════════════════════════╗

2025-01-15 14:24:52,867 INFO     ___FILE_ONLY___ ╠═ Installing: Google Cloud CLI Core Libraries (Platform... ═╣

2025-01-15 14:24:52,868 INFO     ___FILE_ONLY___ ╚
2025-01-15 14:24:52,868 INFO     ___FILE_ONLY___ ══════════════════════════════
2025-01-15 14:24:52,869 INFO     ___FILE_ONLY___ ══════════════════════════════
2025-01-15 14:24:52,869 INFO     ___FILE_ONLY___ ╝

2025-01-15 14:24:52,873 INFO     ___FILE_ONLY___ ╔════════════════════════════════════════════════════════════╗

2025-01-15 14:24:52,873 INFO     ___FILE_ONLY___ ╠═ Installing: Google Cloud CRC32C Hash Tool                ═╣

2025-01-15 14:24:52,873 INFO     ___FILE_ONLY___ ╚
2025-01-15 14:24:52,875 INFO     ___FILE_ONLY___ ════════════════════════════════════════════════════════════
2025-01-15 14:24:52,875 INFO     ___FILE_ONLY___ ╝

2025-01-15 14:24:52,877 INFO     ___FILE_ONLY___ ╔════════════════════════════════════════════════════════════╗

2025-01-15 14:24:52,877 INFO     ___FILE_ONLY___ ╠═ Installing: Google Cloud CRC32C Hash Tool (Platform S... ═╣

2025-01-15 14:24:52,877 INFO     ___FILE_ONLY___ ╚
2025-01-15 14:24:52,917 INFO     ___FILE_ONLY___ ══════════════════════════════
2025-01-15 14:24:52,917 INFO     ___FILE_ONLY___ ══════════════════════════════
2025-01-15 14:24:52,917 INFO     ___FILE_ONLY___ ╝

2025-01-15 14:24:52,922 INFO     ___FILE_ONLY___ ╔════════════════════════════════════════════════════════════╗

2025-01-15 14:24:52,922 INFO     ___FILE_ONLY___ ╠═ Installing: gcloud cli dependencies (Platform Specific)  ═╣

2025-01-15 14:24:52,922 INFO     ___FILE_ONLY___ ╚
2025-01-15 14:24:52,922 INFO     ___FILE_ONLY___ ════════════════════════════════════════════════════════════
2025-01-15 14:24:52,923 INFO     ___FILE_ONLY___ ╝

2025-01-15 14:24:52,927 DEBUG    root            Updating notification cache...
2025-01-15 14:24:52,928 INFO     ___FILE_ONLY___ 

2025-01-15 14:24:52,930 INFO     ___FILE_ONLY___ Performing post processing steps...
2025-01-15 14:24:52,930 DEBUG    root            Executing command: ['/tools/google-cloud-sdk/bin/gcloud', 'components', 'post-process']
2025-01-15 14:25:00,279 DEBUG    ___FILE_ONLY___ 
2025-01-15 14:25:00,280 DEBUG    ___FILE_ONLY___ 
2025-01-15 14:25:00,451 INFO     ___FILE_ONLY___ 
Update done!


2025-01-15 14:25:00,453 DEBUG    root            Chosen display Format:none
2025-01-15 14:25:00,453 INFO     root            Display format: "none"
